<?xml version="1.0" encoding="UTF-8"?>
<!-- Generated by org.testng.reporters.JUnitReportReporter -->
<testsuite skipped="0" hostname="IMCBCP312-MSD" name="RestAssured.automation.WeatherGetRequest" tests="1" failures="0" timestamp="30 Oct 2020 06:42:48 GMT" time="1.127" errors="0">
  <testcase name="Test01" time="1.127" classname="RestAssured.automation.WeatherGetRequest"/>
</testsuite> <!-- RestAssured.automation.WeatherGetRequest -->
